<?xml version="1.0" encoding="UTF-8"?>
<!-- Generated by org.testng.reporters.JUnitXMLReporter -->
<testsuite ignored="0" hostname="WINDOWS-CSN1KR0" failures="0" tests="8" name="Default test" time="27.025" errors="0" timestamp="2023-02-11T14:11:11 IST">
  <testcase classname="org.inmakestest.FirstTest" name="endmethod" time="0.065"/>
  <testcase classname="org.inmakestest.FirstTest" name="startdate" time="0.011"/>
  <testcase classname="org.inmakestest.FirstTest" name="tc1" time="0.57"/>
  <testcase classname="org.inmakestest.FirstTest" name="tc2" time="0.729"/>
  <testcase classname="org.inmakestest.FirstTest" name="tc3" time="0.599"/>
  <testcase classname="org.inmakestest.FirstTest" name="tc4" time="0.598"/>
  <testcase classname="org.inmakestest.FirstTest" name="tc5" time="0.611"/>
  <testcase classname="org.inmakestest.FirstTest" name="tc6" time="1.301"/>
</testsuite> <!-- Default test -->
