<?xml version="1.0" encoding="UTF-8"?>
<testng-results ignored="0" total="8" passed="8" failed="0" skipped="0">
  <reporter-output>
  </reporter-output>
  <suite started-at="2023-02-11T14:10:44 IST" name="Default suite" finished-at="2023-02-11T14:11:11 IST" duration-ms="27025">
    <groups>
    </groups>
    <test started-at="2023-02-11T14:10:44 IST" name="Default test" finished-at="2023-02-11T14:11:11 IST" duration-ms="27025">
      <class name="org.inmakestest.FirstTest">
        <test-method is-config="true" signature="lauchBrowser()[pri:0, instance:org.inmakestest.FirstTest@1ed4ae0f]" started-at="2023-02-11T14:10:45 IST" name="lauchBrowser" finished-at="2023-02-11T14:11:04 IST" duration-ms="19938" status="PASS">
          <reporter-output>
          </reporter-output>
        </test-method> <!-- lauchBrowser -->
        <test-method is-config="true" signature="startdate()[pri:0, instance:org.inmakestest.FirstTest@1ed4ae0f]" started-at="2023-02-11T14:11:05 IST" name="startdate" finished-at="2023-02-11T14:11:05 IST" duration-ms="27" status="PASS">
          <reporter-output>
          </reporter-output>
        </test-method> <!-- startdate -->
        <test-method signature="endmethod()[pri:0, instance:org.inmakestest.FirstTest@1ed4ae0f]" started-at="2023-02-11T14:11:05 IST" name="endmethod" finished-at="2023-02-11T14:11:05 IST" duration-ms="65" status="PASS">
          <reporter-output>
          </reporter-output>
        </test-method> <!-- endmethod -->
        <test-method is-config="true" signature="endmethod()[pri:0, instance:org.inmakestest.FirstTest@1ed4ae0f]" started-at="2023-02-11T14:11:05 IST" name="endmethod" finished-at="2023-02-11T14:11:05 IST" duration-ms="4" status="PASS">
          <reporter-output>
          </reporter-output>
        </test-method> <!-- endmethod -->
        <test-method is-config="true" signature="startdate()[pri:0, instance:org.inmakestest.FirstTest@1ed4ae0f]" started-at="2023-02-11T14:11:05 IST" name="startdate" finished-at="2023-02-11T14:11:05 IST" duration-ms="6" status="PASS">
          <reporter-output>
          </reporter-output>
        </test-method> <!-- startdate -->
        <test-method signature="startdate()[pri:0, instance:org.inmakestest.FirstTest@1ed4ae0f]" started-at="2023-02-11T14:11:05 IST" name="startdate" finished-at="2023-02-11T14:11:05 IST" duration-ms="11" status="PASS">
          <reporter-output>
          </reporter-output>
        </test-method> <!-- startdate -->
        <test-method is-config="true" signature="endmethod()[pri:0, instance:org.inmakestest.FirstTest@1ed4ae0f]" started-at="2023-02-11T14:11:05 IST" name="endmethod" finished-at="2023-02-11T14:11:05 IST" duration-ms="4" status="PASS">
          <reporter-output>
          </reporter-output>
        </test-method> <!-- endmethod -->
        <test-method is-config="true" signature="startdate()[pri:0, instance:org.inmakestest.FirstTest@1ed4ae0f]" started-at="2023-02-11T14:11:05 IST" name="startdate" finished-at="2023-02-11T14:11:05 IST" duration-ms="4" status="PASS">
          <reporter-output>
          </reporter-output>
        </test-method> <!-- startdate -->
        <test-method signature="tc1()[pri:0, instance:org.inmakestest.FirstTest@1ed4ae0f]" started-at="2023-02-11T14:11:05 IST" name="tc1" finished-at="2023-02-11T14:11:05 IST" duration-ms="570" status="PASS">
          <reporter-output>
          </reporter-output>
        </test-method> <!-- tc1 -->
        <test-method is-config="true" signature="endmethod()[pri:0, instance:org.inmakestest.FirstTest@1ed4ae0f]" started-at="2023-02-11T14:11:05 IST" name="endmethod" finished-at="2023-02-11T14:11:05 IST" duration-ms="1" status="PASS">
          <reporter-output>
          </reporter-output>
        </test-method> <!-- endmethod -->
        <test-method is-config="true" signature="startdate()[pri:0, instance:org.inmakestest.FirstTest@1ed4ae0f]" started-at="2023-02-11T14:11:05 IST" name="startdate" finished-at="2023-02-11T14:11:05 IST" duration-ms="2" status="PASS">
          <reporter-output>
          </reporter-output>
        </test-method> <!-- startdate -->
        <test-method signature="tc2()[pri:0, instance:org.inmakestest.FirstTest@1ed4ae0f]" started-at="2023-02-11T14:11:05 IST" name="tc2" finished-at="2023-02-11T14:11:06 IST" duration-ms="729" status="PASS">
          <reporter-output>
          </reporter-output>
        </test-method> <!-- tc2 -->
        <test-method is-config="true" signature="endmethod()[pri:0, instance:org.inmakestest.FirstTest@1ed4ae0f]" started-at="2023-02-11T14:11:06 IST" name="endmethod" finished-at="2023-02-11T14:11:06 IST" duration-ms="0" status="PASS">
          <reporter-output>
          </reporter-output>
        </test-method> <!-- endmethod -->
        <test-method is-config="true" signature="startdate()[pri:0, instance:org.inmakestest.FirstTest@1ed4ae0f]" started-at="2023-02-11T14:11:06 IST" name="startdate" finished-at="2023-02-11T14:11:06 IST" duration-ms="1" status="PASS">
          <reporter-output>
          </reporter-output>
        </test-method> <!-- startdate -->
        <test-method signature="tc3()[pri:0, instance:org.inmakestest.FirstTest@1ed4ae0f]" started-at="2023-02-11T14:11:06 IST" name="tc3" finished-at="2023-02-11T14:11:07 IST" duration-ms="599" status="PASS">
          <reporter-output>
          </reporter-output>
        </test-method> <!-- tc3 -->
        <test-method is-config="true" signature="endmethod()[pri:0, instance:org.inmakestest.FirstTest@1ed4ae0f]" started-at="2023-02-11T14:11:07 IST" name="endmethod" finished-at="2023-02-11T14:11:07 IST" duration-ms="3" status="PASS">
          <reporter-output>
          </reporter-output>
        </test-method> <!-- endmethod -->
        <test-method is-config="true" signature="startdate()[pri:0, instance:org.inmakestest.FirstTest@1ed4ae0f]" started-at="2023-02-11T14:11:07 IST" name="startdate" finished-at="2023-02-11T14:11:07 IST" duration-ms="1" status="PASS">
          <reporter-output>
          </reporter-output>
        </test-method> <!-- startdate -->
        <test-method signature="tc4()[pri:0, instance:org.inmakestest.FirstTest@1ed4ae0f]" started-at="2023-02-11T14:11:07 IST" name="tc4" finished-at="2023-02-11T14:11:07 IST" duration-ms="598" status="PASS">
          <reporter-output>
          </reporter-output>
        </test-method> <!-- tc4 -->
        <test-method is-config="true" signature="endmethod()[pri:0, instance:org.inmakestest.FirstTest@1ed4ae0f]" started-at="2023-02-11T14:11:07 IST" name="endmethod" finished-at="2023-02-11T14:11:07 IST" duration-ms="2" status="PASS">
          <reporter-output>
          </reporter-output>
        </test-method> <!-- endmethod -->
        <test-method is-config="true" signature="startdate()[pri:0, instance:org.inmakestest.FirstTest@1ed4ae0f]" started-at="2023-02-11T14:11:07 IST" name="startdate" finished-at="2023-02-11T14:11:07 IST" duration-ms="1" status="PASS">
          <reporter-output>
          </reporter-output>
        </test-method> <!-- startdate -->
        <test-method signature="tc5()[pri:0, instance:org.inmakestest.FirstTest@1ed4ae0f]" started-at="2023-02-11T14:11:07 IST" name="tc5" finished-at="2023-02-11T14:11:08 IST" duration-ms="611" status="PASS">
          <reporter-output>
          </reporter-output>
        </test-method> <!-- tc5 -->
        <test-method is-config="true" signature="endmethod()[pri:0, instance:org.inmakestest.FirstTest@1ed4ae0f]" started-at="2023-02-11T14:11:08 IST" name="endmethod" finished-at="2023-02-11T14:11:08 IST" duration-ms="1" status="PASS">
          <reporter-output>
          </reporter-output>
        </test-method> <!-- endmethod -->
        <test-method is-config="true" signature="startdate()[pri:0, instance:org.inmakestest.FirstTest@1ed4ae0f]" started-at="2023-02-11T14:11:08 IST" name="startdate" finished-at="2023-02-11T14:11:08 IST" duration-ms="1" status="PASS">
          <reporter-output>
          </reporter-output>
        </test-method> <!-- startdate -->
        <test-method signature="tc6()[pri:0, instance:org.inmakestest.FirstTest@1ed4ae0f]" started-at="2023-02-11T14:11:08 IST" name="tc6" finished-at="2023-02-11T14:11:09 IST" duration-ms="1301" status="PASS">
          <reporter-output>
          </reporter-output>
        </test-method> <!-- tc6 -->
        <test-method is-config="true" signature="endmethod()[pri:0, instance:org.inmakestest.FirstTest@1ed4ae0f]" started-at="2023-02-11T14:11:09 IST" name="endmethod" finished-at="2023-02-11T14:11:09 IST" duration-ms="2" status="PASS">
          <reporter-output>
          </reporter-output>
        </test-method> <!-- endmethod -->
        <test-method is-config="true" signature="closeapplication()[pri:0, instance:org.inmakestest.FirstTest@1ed4ae0f]" started-at="2023-02-11T14:11:09 IST" name="closeapplication" finished-at="2023-02-11T14:11:11 IST" duration-ms="2295" status="PASS">
          <reporter-output>
          </reporter-output>
        </test-method> <!-- closeapplication -->
      </class> <!-- org.inmakestest.FirstTest -->
    </test> <!-- Default test -->
  </suite> <!-- Default suite -->
</testng-results>
